<?xml version="1.0" encoding="UTF-8" ?>
<testsuite 
errors="0" failures="1" hostname="localhost.localdomain" name="codingbat.ScalaRecursion1Suite" tests="30" time="0.03" timestamp="2014-08-11T21:44:08">
  <properties>
[...]
</properties>
  <testcase 
  name="testing factorial" classname="codingbat.ScalaRecursion1Suite" time="0.001">
</testcase>
  <testcase 
  name="teting bunnyEars" classname="codingbat.ScalaRecursion1Suite" time="0.0">
</testcase>
  <testcase 
  name="testing fibonacci" classname="codingbat.ScalaRecursion1Suite" time="0.0">
</testcase>
  <testcase 
  name="testing bunnyEars2" classname="codingbat.ScalaRecursion1Suite" time="0.001">
</testcase>
  <testcase 
  name="testing triangle" classname="codingbat.ScalaRecursion1Suite" time="0.0">
</testcase>
  <testcase 
  name="testing sumDigits" classname="codingbat.ScalaRecursion1Suite" time="0.0">
</testcase>
  <testcase 
  name="testing count7" classname="codingbat.ScalaRecursion1Suite" time="0.0">
</testcase>
  <testcase 
  name="testing count8" classname="codingbat.ScalaRecursion1Suite" time="0.007">
    <failure 
    message="an implementation is missing" type="class scala.NotImplementedError">
      scala.NotImplementedError: an implementation is missing
      at scala.Predef$.$qmark$qmark$qmark(Predef.scala:252)
      at edu.stanford.codingbat.ScalaRecursion1.count8(ScalaRecursion1.scala:107)
      at codingbat.ScalaRecursion1Suite$$anonfun$8.apply$mcV$sp(ScalaRecursion1Suite.scala:111)
      at codingbat.ScalaRecursion1Suite$$anonfun$8.apply(ScalaRecursion1Suite.scala:110)
      at codingbat.ScalaRecursion1Suite$$anonfun$8.apply(ScalaRecursion1Suite.scala:110)
      at org.scalatest.FunSuite$$anon$1.apply(FunSuite.scala:1465)
      at org.scalatest.Suite$class.withFixture(Suite.scala:1099)
      at codingbat.ScalaRecursion1Suite.withFixture(ScalaRecursion1Suite.scala:8)
      at org.scalatest.FunSuite$class.invokeWithFixture$1(FunSuite.scala:1462)
      at org.scalatest.FunSuite$$anonfun$runTest$1.apply(FunSuite.scala:1474)
      at org.scalatest.FunSuite$$anonfun$runTest$1.apply(FunSuite.scala:1474)
      at org.scalatest.SuperEngine.runTestImpl(Engine.scala:234)
      at org.scalatest.FunSuite$class.runTest(FunSuite.scala:1474)
      at codingbat.ScalaRecursion1Suite.runTest(ScalaRecursion1Suite.scala:8)
      at org.scalatest.FunSuite$$anonfun$runTests$1.apply(FunSuite.scala:1506)
      at org.scalatest.FunSuite$$anonfun$runTests$1.apply(FunSuite.scala:1506)
      at org.scalatest.SuperEngine$$anonfun$traverseSubNodes$1$1.apply(Engine.scala:330)
      at org.scalatest.SuperEngine$$anonfun$traverseSubNodes$1$1.apply(Engine.scala:318)
      at scala.collection.immutable.List.foreach(List.scala:309)
      at org.scalatest.SuperEngine.traverseSubNodes$1(Engine.scala:318)
      at org.scalatest.SuperEngine.org$scalatest$SuperEngine$$runTestsInBranch(Engine.scala:313)
      at org.scalatest.SuperEngine.runTestsImpl(Engine.scala:394)
      at org.scalatest.FunSuite$class.runTests(FunSuite.scala:1506)
      at codingbat.ScalaRecursion1Suite.runTests(ScalaRecursion1Suite.scala:8)
      at org.scalatest.Suite$class.run(Suite.scala:1426)
      at codingbat.ScalaRecursion1Suite.org$scalatest$FunSuite$$super$run(ScalaRecursion1Suite.scala:8)
      at org.scalatest.FunSuite$$anonfun$run$1.apply(FunSuite.scala:1510)
      at org.scalatest.FunSuite$$anonfun$run$1.apply(FunSuite.scala:1510)
      at org.scalatest.SuperEngine.runImpl(Engine.scala:430)
      at org.scalatest.FunSuite$class.run(FunSuite.scala:1510)
      at codingbat.ScalaRecursion1Suite.run(ScalaRecursion1Suite.scala:8)
      at org.scalatest.Suite$class.callExecuteOnSuite$1(Suite.scala:1507)
      at org.scalatest.Suite$$anonfun$runNestedSuites$1.apply(Suite.scala:1543)
      at org.scalatest.Suite$$anonfun$runNestedSuites$1.apply(Suite.scala:1541)
      at scala.collection.IndexedSeqOptimized$class.foreach(IndexedSeqOptimized.scala:33)
      at scala.collection.mutable.ArrayOps$ofRef.foreach(ArrayOps.scala:105)
      at org.scalatest.Suite$class.runNestedSuites(Suite.scala:1541)
      at org.scalatest.tools.DiscoverySuite.runNestedSuites(DiscoverySuite.scala:29)
      at org.scalatest.Suite$class.run(Suite.scala:1423)
      at org.scalatest.tools.DiscoverySuite.run(DiscoverySuite.scala:29)
      at org.scalatest.tools.SuiteRunner.run(SuiteRunner.scala:55)
      at org.scalatest.tools.Runner$$anonfun$doRunRunRunDaDoRunRun$3.apply(Runner.scala:2180)
      at org.scalatest.tools.Runner$$anonfun$doRunRunRunDaDoRunRun$3.apply(Runner.scala:2174)
      at scala.collection.immutable.List.foreach(List.scala:309)
      at org.scalatest.tools.Runner$.doRunRunRunDaDoRunRun(Runner.scala:2174)
      at org.scalatest.tools.Runner$$anonfun$runOptionallyWithPassFailReporter$2.apply(Runner.scala:850)
      at org.scalatest.tools.Runner$$anonfun$runOptionallyWithPassFailReporter$2.apply(Runner.scala:849)
      at org.scalatest.tools.Runner$.withClassLoaderAndDispatchReporter(Runner.scala:2221)
      at org.scalatest.tools.Runner$.runOptionallyWithPassFailReporter(Runner.scala:848)
      at org.scalatest.tools.Runner$.main(Runner.scala:686)
      at org.scalatest.tools.Runner.main(Runner.scala)
</failure>
</testcase>
  <testcase 
  name="testing powerN" classname="codingbat.ScalaRecursion1Suite" time="0.0">
</testcase>
  <testcase 
  name="testing countX" classname="codingbat.ScalaRecursion1Suite" time="0.0">
</testcase>
  <testcase 
  name="testing countHi" classname="codingbat.ScalaRecursion1Suite" time="0.0">
</testcase>
  <testcase 
  name="testing changeXY" classname="codingbat.ScalaRecursion1Suite" time="0.001">
</testcase>
  <testcase 
  name="testing changePi" classname="codingbat.ScalaRecursion1Suite" time="0.0">
</testcase>
  <testcase 
  name="testing noX" classname="codingbat.ScalaRecursion1Suite" time="0.0">
</testcase>
  <testcase 
  name="testing array6" classname="codingbat.ScalaRecursion1Suite" time="0.001">
</testcase>
  <testcase 
  name="testing array11" classname="codingbat.ScalaRecursion1Suite" time="0.001">
</testcase>
  <testcase 
  name="testing array220" classname="codingbat.ScalaRecursion1Suite" time="0.0">
</testcase>
  <testcase 
  name="testing allStar" classname="codingbat.ScalaRecursion1Suite" time="0.0">
</testcase>
  <testcase 
  name="testing pairStar" classname="codingbat.ScalaRecursion1Suite" time="0.001">
</testcase>
  <testcase 
  name="testing endX" classname="codingbat.ScalaRecursion1Suite" time="0.0">
</testcase>
  <testcase 
  name="testing countPairs" classname="codingbat.ScalaRecursion1Suite" time="0.0">
</testcase>
  <testcase 
  name="testing countAbc" classname="codingbat.ScalaRecursion1Suite" time="0.001">
</testcase>
  <testcase 
  name="testing count11" classname="codingbat.ScalaRecursion1Suite" time="0.0">
</testcase>
  <testcase 
  name="testing stringClean" classname="codingbat.ScalaRecursion1Suite" time="0.0">
</testcase>
  <testcase 
  name="testing countHi2" classname="codingbat.ScalaRecursion1Suite" time="0.001">
</testcase>
  <testcase 
  name="testing parenBit" classname="codingbat.ScalaRecursion1Suite" time="0.0">
</testcase>
  <testcase 
  name="testing nestParen" classname="codingbat.ScalaRecursion1Suite" time="0.0">
</testcase>
  <testcase 
  name="testing strCount" classname="codingbat.ScalaRecursion1Suite" time="0.001">
</testcase>
  <testcase 
  name="testing strCopies" classname="codingbat.ScalaRecursion1Suite" time="0.001">
</testcase>
  <testcase 
  name="testing strDist" classname="codingbat.ScalaRecursion1Suite" time="0.0">
</testcase>
  <system-out><![CDATA[]]></system-out>
  <system-err><![CDATA[]]></system-err>
</testsuite>
