<?xml version="1.0" encoding="UTF-8" ?>
<testsuite 
errors="0" failures="5" hostname="localhost.localdomain" name="codingbat.ScalaWarmup2Suite" tests="19" time="0.039" timestamp="2014-07-13T15:33:19">
  <properties>
    <property name="java.runtime.name" value="Java(TM) SE Runtime Environment">
    </property>
    <property 
    name="sun.boot.library.path" value="/usr/java/jdk1.7.0_25/jre/lib/amd64">
</property>
    <property name="java.vm.version" value="23.25-b01"> </property>
    <property name="java.vm.vendor" value="Oracle Corporation"> </property>
    <property name="java.vendor.url" value="http://java.oracle.com/">
    </property>
    <property name="path.separator" value=":"> </property>
    <property name="java.vm.name" value="Java HotSpot(TM) 64-Bit Server VM">
    </property>
    <property name="file.encoding.pkg" value="sun.io"> </property>
    <property name="user.country" value="US"> </property>
    <property name="sun.java.launcher" value="SUN_STANDARD"> </property>
    <property name="sun.os.patch.level" value="unknown"> </property>
    <property 
    name="java.vm.specification.name" value="Java Virtual Machine Specification">
</property>
    <property name="user.dir" value="/home/dc/TestScalatest"> </property>
    <property name="java.runtime.version" value="1.7.0_25-b15"> </property>
    <property 
    name="java.awt.graphicsenv" value="sun.awt.X11GraphicsEnvironment">
</property>
    <property name="basedir" value="/home/dc/TestScalatest"> </property>
    <property 
    name="java.endorsed.dirs" value="/usr/java/jdk1.7.0_25/jre/lib/endorsed">
</property>
    <property name="os.arch" value="amd64"> </property>
    <property name="java.io.tmpdir" value="/tmp"> </property>
    <property name="line.separator" value=" "> </property>
    <property name="java.vm.specification.vendor" value="Oracle Corporation">
    </property>
    <property name="os.name" value="Linux"> </property>
    <property name="sun.jnu.encoding" value="UTF-8"> </property>
    <property 
    name="java.library.path" value="/usr/java/packages/lib/amd64:/usr/lib64:/lib64:/lib:/usr/lib">
</property>
    <property 
    name="java.specification.name" value="Java Platform API Specification">
</property>
    <property name="java.class.version" value="51.0"> </property>
    <property 
    name="sun.management.compiler" value="HotSpot 64-Bit Tiered Compilers">
</property>
    <property name="os.version" value="2.6.32-431.20.3.el6.x86_64"> </property>
    <property name="user.home" value="/home/dc"> </property>
    <property name="user.timezone" value=""> </property>
    <property name="java.awt.printerjob" value="sun.print.PSPrinterJob">
    </property>
    <property name="file.encoding" value="UTF-8"> </property>
    <property name="java.specification.version" value="1.7"> </property>
    <property name="user.name" value="dc"> </property>
    <property 
    name="java.class.path" value="/home/dc/TestScalatest/target/test-classes:/home/dc/TestScalatest/target/classes:/home/dc/.m2/repository/junit/junit/3.8.1/junit-3.8.1.jar:/home/dc/.m2/repository/org/scala-lang/scala-library/2.10.0/scala-library-2.10.0.jar:/home/dc/.m2/repository/org/scalatest/scalatest_2.10/2.0.M5b/scalatest_2.10-2.0.M5b.jar">
</property>
    <property name="java.vm.specification.version" value="1.7"> </property>
    <property name="sun.arch.data.model" value="64"> </property>
    <property name="java.home" value="/usr/java/jdk1.7.0_25/jre"> </property>
    <property 
    name="sun.java.command" value="org.scalatest.tools.Runner -R /home/dc/TestScalatest/target/classes /home/dc/TestScalatest/target/test-classes -o -f /home/dc/scalaodersky/codingbat/surefire-reports/TestSuite.txt -u /home/dc/scalaodersky/codingbat/surefire-reports/.">
</property>
    <property name="java.specification.vendor" value="Oracle Corporation">
    </property>
    <property name="user.language" value="en"> </property>
    <property name="awt.toolkit" value="sun.awt.X11.XToolkit"> </property>
    <property name="java.vm.info" value="mixed mode"> </property>
    <property name="java.version" value="1.7.0_25"> </property>
    <property 
    name="java.ext.dirs" value="/usr/java/jdk1.7.0_25/jre/lib/ext:/usr/java/packages/lib/ext">
</property>
    <property 
    name="sun.boot.class.path" value="/usr/java/jdk1.7.0_25/jre/lib/resources.jar:/usr/java/jdk1.7.0_25/jre/lib/rt.jar:/usr/java/jdk1.7.0_25/jre/lib/sunrsasign.jar:/usr/java/jdk1.7.0_25/jre/lib/jsse.jar:/usr/java/jdk1.7.0_25/jre/lib/jce.jar:/usr/java/jdk1.7.0_25/jre/lib/charsets.jar:/usr/java/jdk1.7.0_25/jre/lib/jfr.jar:/usr/java/jdk1.7.0_25/jre/classes">
</property>
    <property name="java.vendor" value="Oracle Corporation"> </property>
    <property name="file.separator" value="/"> </property>
    <property 
    name="java.vendor.url.bug" value="http://bugreport.sun.com/bugreport/">
</property>
    <property name="sun.cpu.endian" value="little"> </property>
    <property name="sun.io.unicode.encoding" value="UnicodeLittle"> </property>
    <property name="sun.desktop" value="gnome"> </property>
    <property name="sun.cpu.isalist" value=""> </property>
  </properties>
  <testcase 
  name="ScalaWarmup2Test" classname="codingbat.ScalaWarmup2Suite" time="0.0">
</testcase>
  <testcase 
  name="test stringTimes" classname="codingbat.ScalaWarmup2Suite" time="0.0">
</testcase>
  <testcase 
  name="test frontTimes" classname="codingbat.ScalaWarmup2Suite" time="0.0">
</testcase>
  <testcase 
  name="testing countXX" classname="codingbat.ScalaWarmup2Suite" time="0.005">
</testcase>
  <testcase 
  name="testing doubleX" classname="codingbat.ScalaWarmup2Suite" time="0.001">
</testcase>
  <testcase 
  name="testing stringBits" classname="codingbat.ScalaWarmup2Suite" time="0.001">
</testcase>
  <testcase 
  name="testing stringSplosion" classname="codingbat.ScalaWarmup2Suite" time="0.0">
</testcase>
  <testcase 
  name="testing last2" classname="codingbat.ScalaWarmup2Suite" time="0.003">
</testcase>
  <testcase 
  name="testing arrayCount9" classname="codingbat.ScalaWarmup2Suite" time="0.001">
</testcase>
  <testcase 
  name="testing arrayFront9" classname="codingbat.ScalaWarmup2Suite" time="0.001">
</testcase>
  <testcase 
  name="testing array123" classname="codingbat.ScalaWarmup2Suite" time="0.002">
</testcase>
  <testcase 
  name="testing stringMatch" classname="codingbat.ScalaWarmup2Suite" time="0.007">
    <failure 
    message="org.scalatest.exceptions.TestFailedException was thrown." type="class org.scalatest.exceptions.TestFailedException">
      org.scalatest.exceptions.TestFailedException
      at org.scalatest.Assertions$class.newAssertionFailedException(Assertions.scala:391)
      at codingbat.ScalaWarmup2Suite.newAssertionFailedException(ScalaWarmup2Suite.scala:8)
      at org.scalatest.Assertions$class.assert(Assertions.scala:386)
      at codingbat.ScalaWarmup2Suite.assert(ScalaWarmup2Suite.scala:8)
      at codingbat.ScalaWarmup2Suite$$anonfun$12.apply$mcV$sp(ScalaWarmup2Suite.scala:144)
      at codingbat.ScalaWarmup2Suite$$anonfun$12.apply(ScalaWarmup2Suite.scala:143)
      at codingbat.ScalaWarmup2Suite$$anonfun$12.apply(ScalaWarmup2Suite.scala:143)
      at org.scalatest.FunSuite$$anon$1.apply(FunSuite.scala:1465)
      at org.scalatest.Suite$class.withFixture(Suite.scala:1099)
      at codingbat.ScalaWarmup2Suite.withFixture(ScalaWarmup2Suite.scala:8)
      at org.scalatest.FunSuite$class.invokeWithFixture$1(FunSuite.scala:1462)
      at org.scalatest.FunSuite$$anonfun$runTest$1.apply(FunSuite.scala:1474)
      at org.scalatest.FunSuite$$anonfun$runTest$1.apply(FunSuite.scala:1474)
      at org.scalatest.SuperEngine.runTestImpl(Engine.scala:234)
      at org.scalatest.FunSuite$class.runTest(FunSuite.scala:1474)
      at codingbat.ScalaWarmup2Suite.runTest(ScalaWarmup2Suite.scala:8)
      at org.scalatest.FunSuite$$anonfun$runTests$1.apply(FunSuite.scala:1506)
      at org.scalatest.FunSuite$$anonfun$runTests$1.apply(FunSuite.scala:1506)
      at org.scalatest.SuperEngine$$anonfun$traverseSubNodes$1$1.apply(Engine.scala:330)
      at org.scalatest.SuperEngine$$anonfun$traverseSubNodes$1$1.apply(Engine.scala:318)
      at scala.collection.immutable.List.foreach(List.scala:309)
      at org.scalatest.SuperEngine.traverseSubNodes$1(Engine.scala:318)
      at org.scalatest.SuperEngine.org$scalatest$SuperEngine$$runTestsInBranch(Engine.scala:313)
      at org.scalatest.SuperEngine.runTestsImpl(Engine.scala:394)
      at org.scalatest.FunSuite$class.runTests(FunSuite.scala:1506)
      at codingbat.ScalaWarmup2Suite.runTests(ScalaWarmup2Suite.scala:8)
      at org.scalatest.Suite$class.run(Suite.scala:1426)
      at codingbat.ScalaWarmup2Suite.org$scalatest$FunSuite$$super$run(ScalaWarmup2Suite.scala:8)
      at org.scalatest.FunSuite$$anonfun$run$1.apply(FunSuite.scala:1510)
      at org.scalatest.FunSuite$$anonfun$run$1.apply(FunSuite.scala:1510)
      at org.scalatest.SuperEngine.runImpl(Engine.scala:430)
      at org.scalatest.FunSuite$class.run(FunSuite.scala:1510)
      at codingbat.ScalaWarmup2Suite.run(ScalaWarmup2Suite.scala:8)
      at org.scalatest.Suite$class.callExecuteOnSuite$1(Suite.scala:1507)
      at org.scalatest.Suite$$anonfun$runNestedSuites$1.apply(Suite.scala:1543)
      at org.scalatest.Suite$$anonfun$runNestedSuites$1.apply(Suite.scala:1541)
      at scala.collection.IndexedSeqOptimized$class.foreach(IndexedSeqOptimized.scala:33)
      at scala.collection.mutable.ArrayOps$ofRef.foreach(ArrayOps.scala:105)
      at org.scalatest.Suite$class.runNestedSuites(Suite.scala:1541)
      at org.scalatest.tools.DiscoverySuite.runNestedSuites(DiscoverySuite.scala:29)
      at org.scalatest.Suite$class.run(Suite.scala:1423)
      at org.scalatest.tools.DiscoverySuite.run(DiscoverySuite.scala:29)
      at org.scalatest.tools.SuiteRunner.run(SuiteRunner.scala:55)
      at org.scalatest.tools.Runner$$anonfun$doRunRunRunDaDoRunRun$3.apply(Runner.scala:2180)
      at org.scalatest.tools.Runner$$anonfun$doRunRunRunDaDoRunRun$3.apply(Runner.scala:2174)
      at scala.collection.immutable.List.foreach(List.scala:309)
      at org.scalatest.tools.Runner$.doRunRunRunDaDoRunRun(Runner.scala:2174)
      at org.scalatest.tools.Runner$$anonfun$runOptionallyWithPassFailReporter$2.apply(Runner.scala:850)
      at org.scalatest.tools.Runner$$anonfun$runOptionallyWithPassFailReporter$2.apply(Runner.scala:849)
      at org.scalatest.tools.Runner$.withClassLoaderAndDispatchReporter(Runner.scala:2221)
      at org.scalatest.tools.Runner$.runOptionallyWithPassFailReporter(Runner.scala:848)
      at org.scalatest.tools.Runner$.main(Runner.scala:686)
      at org.scalatest.tools.Runner.main(Runner.scala)
</failure>
</testcase>
  <testcase 
  name="testing stringX" classname="codingbat.ScalaWarmup2Suite" time="0.0">
    <failure 
    message="org.scalatest.exceptions.TestFailedException was thrown." type="class org.scalatest.exceptions.TestFailedException">
      org.scalatest.exceptions.TestFailedException
      at org.scalatest.Assertions$class.newAssertionFailedException(Assertions.scala:391)
      at codingbat.ScalaWarmup2Suite.newAssertionFailedException(ScalaWarmup2Suite.scala:8)
      at org.scalatest.Assertions$class.assert(Assertions.scala:386)
      at codingbat.ScalaWarmup2Suite.assert(ScalaWarmup2Suite.scala:8)
      at codingbat.ScalaWarmup2Suite$$anonfun$13.apply$mcV$sp(ScalaWarmup2Suite.scala:159)
      at codingbat.ScalaWarmup2Suite$$anonfun$13.apply(ScalaWarmup2Suite.scala:158)
      at codingbat.ScalaWarmup2Suite$$anonfun$13.apply(ScalaWarmup2Suite.scala:158)
      at org.scalatest.FunSuite$$anon$1.apply(FunSuite.scala:1465)
      at org.scalatest.Suite$class.withFixture(Suite.scala:1099)
      at codingbat.ScalaWarmup2Suite.withFixture(ScalaWarmup2Suite.scala:8)
      at org.scalatest.FunSuite$class.invokeWithFixture$1(FunSuite.scala:1462)
      at org.scalatest.FunSuite$$anonfun$runTest$1.apply(FunSuite.scala:1474)
      at org.scalatest.FunSuite$$anonfun$runTest$1.apply(FunSuite.scala:1474)
      at org.scalatest.SuperEngine.runTestImpl(Engine.scala:234)
      at org.scalatest.FunSuite$class.runTest(FunSuite.scala:1474)
      at codingbat.ScalaWarmup2Suite.runTest(ScalaWarmup2Suite.scala:8)
      at org.scalatest.FunSuite$$anonfun$runTests$1.apply(FunSuite.scala:1506)
      at org.scalatest.FunSuite$$anonfun$runTests$1.apply(FunSuite.scala:1506)
      at org.scalatest.SuperEngine$$anonfun$traverseSubNodes$1$1.apply(Engine.scala:330)
      at org.scalatest.SuperEngine$$anonfun$traverseSubNodes$1$1.apply(Engine.scala:318)
      at scala.collection.immutable.List.foreach(List.scala:309)
      at org.scalatest.SuperEngine.traverseSubNodes$1(Engine.scala:318)
      at org.scalatest.SuperEngine.org$scalatest$SuperEngine$$runTestsInBranch(Engine.scala:313)
      at org.scalatest.SuperEngine.runTestsImpl(Engine.scala:394)
      at org.scalatest.FunSuite$class.runTests(FunSuite.scala:1506)
      at codingbat.ScalaWarmup2Suite.runTests(ScalaWarmup2Suite.scala:8)
      at org.scalatest.Suite$class.run(Suite.scala:1426)
      at codingbat.ScalaWarmup2Suite.org$scalatest$FunSuite$$super$run(ScalaWarmup2Suite.scala:8)
      at org.scalatest.FunSuite$$anonfun$run$1.apply(FunSuite.scala:1510)
      at org.scalatest.FunSuite$$anonfun$run$1.apply(FunSuite.scala:1510)
      at org.scalatest.SuperEngine.runImpl(Engine.scala:430)
      at org.scalatest.FunSuite$class.run(FunSuite.scala:1510)
      at codingbat.ScalaWarmup2Suite.run(ScalaWarmup2Suite.scala:8)
      at org.scalatest.Suite$class.callExecuteOnSuite$1(Suite.scala:1507)
      at org.scalatest.Suite$$anonfun$runNestedSuites$1.apply(Suite.scala:1543)
      at org.scalatest.Suite$$anonfun$runNestedSuites$1.apply(Suite.scala:1541)
      at scala.collection.IndexedSeqOptimized$class.foreach(IndexedSeqOptimized.scala:33)
      at scala.collection.mutable.ArrayOps$ofRef.foreach(ArrayOps.scala:105)
      at org.scalatest.Suite$class.runNestedSuites(Suite.scala:1541)
      at org.scalatest.tools.DiscoverySuite.runNestedSuites(DiscoverySuite.scala:29)
      at org.scalatest.Suite$class.run(Suite.scala:1423)
      at org.scalatest.tools.DiscoverySuite.run(DiscoverySuite.scala:29)
      at org.scalatest.tools.SuiteRunner.run(SuiteRunner.scala:55)
      at org.scalatest.tools.Runner$$anonfun$doRunRunRunDaDoRunRun$3.apply(Runner.scala:2180)
      at org.scalatest.tools.Runner$$anonfun$doRunRunRunDaDoRunRun$3.apply(Runner.scala:2174)
      at scala.collection.immutable.List.foreach(List.scala:309)
      at org.scalatest.tools.Runner$.doRunRunRunDaDoRunRun(Runner.scala:2174)
      at org.scalatest.tools.Runner$$anonfun$runOptionallyWithPassFailReporter$2.apply(Runner.scala:850)
      at org.scalatest.tools.Runner$$anonfun$runOptionallyWithPassFailReporter$2.apply(Runner.scala:849)
      at org.scalatest.tools.Runner$.withClassLoaderAndDispatchReporter(Runner.scala:2221)
      at org.scalatest.tools.Runner$.runOptionallyWithPassFailReporter(Runner.scala:848)
      at org.scalatest.tools.Runner$.main(Runner.scala:686)
      at org.scalatest.tools.Runner.main(Runner.scala)
</failure>
</testcase>
  <testcase 
  name="testing altPairs" classname="codingbat.ScalaWarmup2Suite" time="0.003">
</testcase>
  <testcase 
  name="test stringYak" classname="codingbat.ScalaWarmup2Suite" time="0.003">
</testcase>
  <testcase 
  name="testing array667" classname="codingbat.ScalaWarmup2Suite" time="0.001">
    <failure 
    message="org.scalatest.exceptions.TestFailedException was thrown." type="class org.scalatest.exceptions.TestFailedException">
      org.scalatest.exceptions.TestFailedException
      at org.scalatest.Assertions$class.newAssertionFailedException(Assertions.scala:391)
      at codingbat.ScalaWarmup2Suite.newAssertionFailedException(ScalaWarmup2Suite.scala:8)
      at org.scalatest.Assertions$class.assert(Assertions.scala:386)
      at codingbat.ScalaWarmup2Suite.assert(ScalaWarmup2Suite.scala:8)
      at codingbat.ScalaWarmup2Suite$$anonfun$16.apply$mcV$sp(ScalaWarmup2Suite.scala:199)
      at codingbat.ScalaWarmup2Suite$$anonfun$16.apply(ScalaWarmup2Suite.scala:197)
      at codingbat.ScalaWarmup2Suite$$anonfun$16.apply(ScalaWarmup2Suite.scala:197)
      at org.scalatest.FunSuite$$anon$1.apply(FunSuite.scala:1465)
      at org.scalatest.Suite$class.withFixture(Suite.scala:1099)
      at codingbat.ScalaWarmup2Suite.withFixture(ScalaWarmup2Suite.scala:8)
      at org.scalatest.FunSuite$class.invokeWithFixture$1(FunSuite.scala:1462)
      at org.scalatest.FunSuite$$anonfun$runTest$1.apply(FunSuite.scala:1474)
      at org.scalatest.FunSuite$$anonfun$runTest$1.apply(FunSuite.scala:1474)
      at org.scalatest.SuperEngine.runTestImpl(Engine.scala:234)
      at org.scalatest.FunSuite$class.runTest(FunSuite.scala:1474)
      at codingbat.ScalaWarmup2Suite.runTest(ScalaWarmup2Suite.scala:8)
      at org.scalatest.FunSuite$$anonfun$runTests$1.apply(FunSuite.scala:1506)
      at org.scalatest.FunSuite$$anonfun$runTests$1.apply(FunSuite.scala:1506)
      at org.scalatest.SuperEngine$$anonfun$traverseSubNodes$1$1.apply(Engine.scala:330)
      at org.scalatest.SuperEngine$$anonfun$traverseSubNodes$1$1.apply(Engine.scala:318)
      at scala.collection.immutable.List.foreach(List.scala:309)
      at org.scalatest.SuperEngine.traverseSubNodes$1(Engine.scala:318)
      at org.scalatest.SuperEngine.org$scalatest$SuperEngine$$runTestsInBranch(Engine.scala:313)
      at org.scalatest.SuperEngine.runTestsImpl(Engine.scala:394)
      at org.scalatest.FunSuite$class.runTests(FunSuite.scala:1506)
      at codingbat.ScalaWarmup2Suite.runTests(ScalaWarmup2Suite.scala:8)
      at org.scalatest.Suite$class.run(Suite.scala:1426)
      at codingbat.ScalaWarmup2Suite.org$scalatest$FunSuite$$super$run(ScalaWarmup2Suite.scala:8)
      at org.scalatest.FunSuite$$anonfun$run$1.apply(FunSuite.scala:1510)
      at org.scalatest.FunSuite$$anonfun$run$1.apply(FunSuite.scala:1510)
      at org.scalatest.SuperEngine.runImpl(Engine.scala:430)
      at org.scalatest.FunSuite$class.run(FunSuite.scala:1510)
      at codingbat.ScalaWarmup2Suite.run(ScalaWarmup2Suite.scala:8)
      at org.scalatest.Suite$class.callExecuteOnSuite$1(Suite.scala:1507)
      at org.scalatest.Suite$$anonfun$runNestedSuites$1.apply(Suite.scala:1543)
      at org.scalatest.Suite$$anonfun$runNestedSuites$1.apply(Suite.scala:1541)
      at scala.collection.IndexedSeqOptimized$class.foreach(IndexedSeqOptimized.scala:33)
      at scala.collection.mutable.ArrayOps$ofRef.foreach(ArrayOps.scala:105)
      at org.scalatest.Suite$class.runNestedSuites(Suite.scala:1541)
      at org.scalatest.tools.DiscoverySuite.runNestedSuites(DiscoverySuite.scala:29)
      at org.scalatest.Suite$class.run(Suite.scala:1423)
      at org.scalatest.tools.DiscoverySuite.run(DiscoverySuite.scala:29)
      at org.scalatest.tools.SuiteRunner.run(SuiteRunner.scala:55)
      at org.scalatest.tools.Runner$$anonfun$doRunRunRunDaDoRunRun$3.apply(Runner.scala:2180)
      at org.scalatest.tools.Runner$$anonfun$doRunRunRunDaDoRunRun$3.apply(Runner.scala:2174)
      at scala.collection.immutable.List.foreach(List.scala:309)
      at org.scalatest.tools.Runner$.doRunRunRunDaDoRunRun(Runner.scala:2174)
      at org.scalatest.tools.Runner$$anonfun$runOptionallyWithPassFailReporter$2.apply(Runner.scala:850)
      at org.scalatest.tools.Runner$$anonfun$runOptionallyWithPassFailReporter$2.apply(Runner.scala:849)
      at org.scalatest.tools.Runner$.withClassLoaderAndDispatchReporter(Runner.scala:2221)
      at org.scalatest.tools.Runner$.runOptionallyWithPassFailReporter(Runner.scala:848)
      at org.scalatest.tools.Runner$.main(Runner.scala:686)
      at org.scalatest.tools.Runner.main(Runner.scala)
</failure>
</testcase>
  <testcase 
  name="testing noTriples" classname="codingbat.ScalaWarmup2Suite" time="0.001">
    <failure 
    message="org.scalatest.exceptions.TestFailedException was thrown." type="class org.scalatest.exceptions.TestFailedException">
      org.scalatest.exceptions.TestFailedException
      at org.scalatest.Assertions$class.newAssertionFailedException(Assertions.scala:391)
      at codingbat.ScalaWarmup2Suite.newAssertionFailedException(ScalaWarmup2Suite.scala:8)
      at org.scalatest.Assertions$class.assert(Assertions.scala:386)
      at codingbat.ScalaWarmup2Suite.assert(ScalaWarmup2Suite.scala:8)
      at codingbat.ScalaWarmup2Suite$$anonfun$17.apply$mcV$sp(ScalaWarmup2Suite.scala:211)
      at codingbat.ScalaWarmup2Suite$$anonfun$17.apply(ScalaWarmup2Suite.scala:210)
      at codingbat.ScalaWarmup2Suite$$anonfun$17.apply(ScalaWarmup2Suite.scala:210)
      at org.scalatest.FunSuite$$anon$1.apply(FunSuite.scala:1465)
      at org.scalatest.Suite$class.withFixture(Suite.scala:1099)
      at codingbat.ScalaWarmup2Suite.withFixture(ScalaWarmup2Suite.scala:8)
      at org.scalatest.FunSuite$class.invokeWithFixture$1(FunSuite.scala:1462)
      at org.scalatest.FunSuite$$anonfun$runTest$1.apply(FunSuite.scala:1474)
      at org.scalatest.FunSuite$$anonfun$runTest$1.apply(FunSuite.scala:1474)
      at org.scalatest.SuperEngine.runTestImpl(Engine.scala:234)
      at org.scalatest.FunSuite$class.runTest(FunSuite.scala:1474)
      at codingbat.ScalaWarmup2Suite.runTest(ScalaWarmup2Suite.scala:8)
      at org.scalatest.FunSuite$$anonfun$runTests$1.apply(FunSuite.scala:1506)
      at org.scalatest.FunSuite$$anonfun$runTests$1.apply(FunSuite.scala:1506)
      at org.scalatest.SuperEngine$$anonfun$traverseSubNodes$1$1.apply(Engine.scala:330)
      at org.scalatest.SuperEngine$$anonfun$traverseSubNodes$1$1.apply(Engine.scala:318)
      at scala.collection.immutable.List.foreach(List.scala:309)
      at org.scalatest.SuperEngine.traverseSubNodes$1(Engine.scala:318)
      at org.scalatest.SuperEngine.org$scalatest$SuperEngine$$runTestsInBranch(Engine.scala:313)
      at org.scalatest.SuperEngine.runTestsImpl(Engine.scala:394)
      at org.scalatest.FunSuite$class.runTests(FunSuite.scala:1506)
      at codingbat.ScalaWarmup2Suite.runTests(ScalaWarmup2Suite.scala:8)
      at org.scalatest.Suite$class.run(Suite.scala:1426)
      at codingbat.ScalaWarmup2Suite.org$scalatest$FunSuite$$super$run(ScalaWarmup2Suite.scala:8)
      at org.scalatest.FunSuite$$anonfun$run$1.apply(FunSuite.scala:1510)
      at org.scalatest.FunSuite$$anonfun$run$1.apply(FunSuite.scala:1510)
      at org.scalatest.SuperEngine.runImpl(Engine.scala:430)
      at org.scalatest.FunSuite$class.run(FunSuite.scala:1510)
      at codingbat.ScalaWarmup2Suite.run(ScalaWarmup2Suite.scala:8)
      at org.scalatest.Suite$class.callExecuteOnSuite$1(Suite.scala:1507)
      at org.scalatest.Suite$$anonfun$runNestedSuites$1.apply(Suite.scala:1543)
      at org.scalatest.Suite$$anonfun$runNestedSuites$1.apply(Suite.scala:1541)
      at scala.collection.IndexedSeqOptimized$class.foreach(IndexedSeqOptimized.scala:33)
      at scala.collection.mutable.ArrayOps$ofRef.foreach(ArrayOps.scala:105)
      at org.scalatest.Suite$class.runNestedSuites(Suite.scala:1541)
      at org.scalatest.tools.DiscoverySuite.runNestedSuites(DiscoverySuite.scala:29)
      at org.scalatest.Suite$class.run(Suite.scala:1423)
      at org.scalatest.tools.DiscoverySuite.run(DiscoverySuite.scala:29)
      at org.scalatest.tools.SuiteRunner.run(SuiteRunner.scala:55)
      at org.scalatest.tools.Runner$$anonfun$doRunRunRunDaDoRunRun$3.apply(Runner.scala:2180)
      at org.scalatest.tools.Runner$$anonfun$doRunRunRunDaDoRunRun$3.apply(Runner.scala:2174)
      at scala.collection.immutable.List.foreach(List.scala:309)
      at org.scalatest.tools.Runner$.doRunRunRunDaDoRunRun(Runner.scala:2174)
      at org.scalatest.tools.Runner$$anonfun$runOptionallyWithPassFailReporter$2.apply(Runner.scala:850)
      at org.scalatest.tools.Runner$$anonfun$runOptionallyWithPassFailReporter$2.apply(Runner.scala:849)
      at org.scalatest.tools.Runner$.withClassLoaderAndDispatchReporter(Runner.scala:2221)
      at org.scalatest.tools.Runner$.runOptionallyWithPassFailReporter(Runner.scala:848)
      at org.scalatest.tools.Runner$.main(Runner.scala:686)
      at org.scalatest.tools.Runner.main(Runner.scala)
</failure>
</testcase>
  <testcase 
  name="testing has271" classname="codingbat.ScalaWarmup2Suite" time="0.001">
</testcase>
  <testcase 
  name="testing partialSum" classname="codingbat.ScalaWarmup2Suite" time="0.001">
    <failure 
    message="org.scalatest.exceptions.TestFailedException was thrown." type="class org.scalatest.exceptions.TestFailedException">
      org.scalatest.exceptions.TestFailedException
      at org.scalatest.Assertions$class.newAssertionFailedException(Assertions.scala:391)
      at codingbat.ScalaWarmup2Suite.newAssertionFailedException(ScalaWarmup2Suite.scala:8)
      at org.scalatest.Assertions$class.assert(Assertions.scala:386)
      at codingbat.ScalaWarmup2Suite.assert(ScalaWarmup2Suite.scala:8)
      at codingbat.ScalaWarmup2Suite$$anonfun$19.apply$mcV$sp(ScalaWarmup2Suite.scala:244)
      at codingbat.ScalaWarmup2Suite$$anonfun$19.apply(ScalaWarmup2Suite.scala:244)
      at codingbat.ScalaWarmup2Suite$$anonfun$19.apply(ScalaWarmup2Suite.scala:244)
      at org.scalatest.FunSuite$$anon$1.apply(FunSuite.scala:1465)
      at org.scalatest.Suite$class.withFixture(Suite.scala:1099)
      at codingbat.ScalaWarmup2Suite.withFixture(ScalaWarmup2Suite.scala:8)
      at org.scalatest.FunSuite$class.invokeWithFixture$1(FunSuite.scala:1462)
      at org.scalatest.FunSuite$$anonfun$runTest$1.apply(FunSuite.scala:1474)
      at org.scalatest.FunSuite$$anonfun$runTest$1.apply(FunSuite.scala:1474)
      at org.scalatest.SuperEngine.runTestImpl(Engine.scala:234)
      at org.scalatest.FunSuite$class.runTest(FunSuite.scala:1474)
      at codingbat.ScalaWarmup2Suite.runTest(ScalaWarmup2Suite.scala:8)
      at org.scalatest.FunSuite$$anonfun$runTests$1.apply(FunSuite.scala:1506)
      at org.scalatest.FunSuite$$anonfun$runTests$1.apply(FunSuite.scala:1506)
      at org.scalatest.SuperEngine$$anonfun$traverseSubNodes$1$1.apply(Engine.scala:330)
      at org.scalatest.SuperEngine$$anonfun$traverseSubNodes$1$1.apply(Engine.scala:318)
      at scala.collection.immutable.List.foreach(List.scala:309)
      at org.scalatest.SuperEngine.traverseSubNodes$1(Engine.scala:318)
      at org.scalatest.SuperEngine.org$scalatest$SuperEngine$$runTestsInBranch(Engine.scala:313)
      at org.scalatest.SuperEngine.runTestsImpl(Engine.scala:394)
      at org.scalatest.FunSuite$class.runTests(FunSuite.scala:1506)
      at codingbat.ScalaWarmup2Suite.runTests(ScalaWarmup2Suite.scala:8)
      at org.scalatest.Suite$class.run(Suite.scala:1426)
      at codingbat.ScalaWarmup2Suite.org$scalatest$FunSuite$$super$run(ScalaWarmup2Suite.scala:8)
      at org.scalatest.FunSuite$$anonfun$run$1.apply(FunSuite.scala:1510)
      at org.scalatest.FunSuite$$anonfun$run$1.apply(FunSuite.scala:1510)
      at org.scalatest.SuperEngine.runImpl(Engine.scala:430)
      at org.scalatest.FunSuite$class.run(FunSuite.scala:1510)
      at codingbat.ScalaWarmup2Suite.run(ScalaWarmup2Suite.scala:8)
      at org.scalatest.Suite$class.callExecuteOnSuite$1(Suite.scala:1507)
      at org.scalatest.Suite$$anonfun$runNestedSuites$1.apply(Suite.scala:1543)
      at org.scalatest.Suite$$anonfun$runNestedSuites$1.apply(Suite.scala:1541)
      at scala.collection.IndexedSeqOptimized$class.foreach(IndexedSeqOptimized.scala:33)
      at scala.collection.mutable.ArrayOps$ofRef.foreach(ArrayOps.scala:105)
      at org.scalatest.Suite$class.runNestedSuites(Suite.scala:1541)
      at org.scalatest.tools.DiscoverySuite.runNestedSuites(DiscoverySuite.scala:29)
      at org.scalatest.Suite$class.run(Suite.scala:1423)
      at org.scalatest.tools.DiscoverySuite.run(DiscoverySuite.scala:29)
      at org.scalatest.tools.SuiteRunner.run(SuiteRunner.scala:55)
      at org.scalatest.tools.Runner$$anonfun$doRunRunRunDaDoRunRun$3.apply(Runner.scala:2180)
      at org.scalatest.tools.Runner$$anonfun$doRunRunRunDaDoRunRun$3.apply(Runner.scala:2174)
      at scala.collection.immutable.List.foreach(List.scala:309)
      at org.scalatest.tools.Runner$.doRunRunRunDaDoRunRun(Runner.scala:2174)
      at org.scalatest.tools.Runner$$anonfun$runOptionallyWithPassFailReporter$2.apply(Runner.scala:850)
      at org.scalatest.tools.Runner$$anonfun$runOptionallyWithPassFailReporter$2.apply(Runner.scala:849)
      at org.scalatest.tools.Runner$.withClassLoaderAndDispatchReporter(Runner.scala:2221)
      at org.scalatest.tools.Runner$.runOptionallyWithPassFailReporter(Runner.scala:848)
      at org.scalatest.tools.Runner$.main(Runner.scala:686)
      at org.scalatest.tools.Runner.main(Runner.scala)
</failure>
</testcase>
  <system-out><![CDATA[]]></system-out>
  <system-err><![CDATA[]]></system-err>
</testsuite>
