<?xml version="1.0" encoding="UTF-8" ?>
<testsuite 
errors="0" failures="5" hostname="localhost.localdomain" name="codingbat.ScalaWarmup2Suite" tests="19" time="0.039" timestamp="2014-07-13T15:33:19">
  <properties>
[...]
</properties>
  <testcase 
  name="ScalaWarmup2Test" classname="codingbat.ScalaWarmup2Suite" time="0.0">
</testcase>
  <testcase 
  name="test stringTimes" classname="codingbat.ScalaWarmup2Suite" time="0.0">
</testcase>
  <testcase 
  name="test frontTimes" classname="codingbat.ScalaWarmup2Suite" time="0.0">
</testcase>
  <testcase 
  name="testing countXX" classname="codingbat.ScalaWarmup2Suite" time="0.005">
</testcase>
  <testcase 
  name="testing doubleX" classname="codingbat.ScalaWarmup2Suite" time="0.001">
</testcase>
  <testcase 
  name="testing stringBits" classname="codingbat.ScalaWarmup2Suite" time="0.001">
</testcase>
  <testcase 
  name="testing stringSplosion" classname="codingbat.ScalaWarmup2Suite" time="0.0">
</testcase>
  <testcase 
  name="testing last2" classname="codingbat.ScalaWarmup2Suite" time="0.003">
</testcase>
  <testcase 
  name="testing arrayCount9" classname="codingbat.ScalaWarmup2Suite" time="0.001">
</testcase>
  <testcase 
  name="testing arrayFront9" classname="codingbat.ScalaWarmup2Suite" time="0.001">
</testcase>
  <testcase 
  name="testing array123" classname="codingbat.ScalaWarmup2Suite" time="0.002">
</testcase>
  <testcase 
  name="testing stringMatch" classname="codingbat.ScalaWarmup2Suite" time="0.007">
    <failure 
    message="org.scalatest.exceptions.TestFailedException was thrown." type="class org.scalatest.exceptions.TestFailedException">
      org.scalatest.exceptions.TestFailedException
      at org.scalatest.Assertions$class.newAssertionFailedException(Assertions.scala:391)
      at codingbat.ScalaWarmup2Suite.newAssertionFailedException(ScalaWarmup2Suite.scala:8)
      at org.scalatest.Assertions$class.assert(Assertions.scala:386)
      at codingbat.ScalaWarmup2Suite.assert(ScalaWarmup2Suite.scala:8)
      at codingbat.ScalaWarmup2Suite$$anonfun$12.apply$mcV$sp(ScalaWarmup2Suite.scala:144)
      at codingbat.ScalaWarmup2Suite$$anonfun$12.apply(ScalaWarmup2Suite.scala:143)
      at codingbat.ScalaWarmup2Suite$$anonfun$12.apply(ScalaWarmup2Suite.scala:143)
      at org.scalatest.FunSuite$$anon$1.apply(FunSuite.scala:1465)
      at org.scalatest.Suite$class.withFixture(Suite.scala:1099)
      at codingbat.ScalaWarmup2Suite.withFixture(ScalaWarmup2Suite.scala:8)
      at org.scalatest.FunSuite$class.invokeWithFixture$1(FunSuite.scala:1462)
      at org.scalatest.FunSuite$$anonfun$runTest$1.apply(FunSuite.scala:1474)
      at org.scalatest.FunSuite$$anonfun$runTest$1.apply(FunSuite.scala:1474)
      at org.scalatest.SuperEngine.runTestImpl(Engine.scala:234)
      at org.scalatest.FunSuite$class.runTest(FunSuite.scala:1474)
      at codingbat.ScalaWarmup2Suite.runTest(ScalaWarmup2Suite.scala:8)
      at org.scalatest.FunSuite$$anonfun$runTests$1.apply(FunSuite.scala:1506)
      at org.scalatest.FunSuite$$anonfun$runTests$1.apply(FunSuite.scala:1506)
      at org.scalatest.SuperEngine$$anonfun$traverseSubNodes$1$1.apply(Engine.scala:330)
      at org.scalatest.SuperEngine$$anonfun$traverseSubNodes$1$1.apply(Engine.scala:318)
      at scala.collection.immutable.List.foreach(List.scala:309)
      at org.scalatest.SuperEngine.traverseSubNodes$1(Engine.scala:318)
      at org.scalatest.SuperEngine.org$scalatest$SuperEngine$$runTestsInBranch(Engine.scala:313)
      at org.scalatest.SuperEngine.runTestsImpl(Engine.scala:394)
      at org.scalatest.FunSuite$class.runTests(FunSuite.scala:1506)
      at codingbat.ScalaWarmup2Suite.runTests(ScalaWarmup2Suite.scala:8)
      at org.scalatest.Suite$class.run(Suite.scala:1426)
      at codingbat.ScalaWarmup2Suite.org$scalatest$FunSuite$$super$run(ScalaWarmup2Suite.scala:8)
      at org.scalatest.FunSuite$$anonfun$run$1.apply(FunSuite.scala:1510)
      at org.scalatest.FunSuite$$anonfun$run$1.apply(FunSuite.scala:1510)
      at org.scalatest.SuperEngine.runImpl(Engine.scala:430)
      at org.scalatest.FunSuite$class.run(FunSuite.scala:1510)
      at codingbat.ScalaWarmup2Suite.run(ScalaWarmup2Suite.scala:8)
      at org.scalatest.Suite$class.callExecuteOnSuite$1(Suite.scala:1507)
      at org.scalatest.Suite$$anonfun$runNestedSuites$1.apply(Suite.scala:1543)
      at org.scalatest.Suite$$anonfun$runNestedSuites$1.apply(Suite.scala:1541)
      at scala.collection.IndexedSeqOptimized$class.foreach(IndexedSeqOptimized.scala:33)
      at scala.collection.mutable.ArrayOps$ofRef.foreach(ArrayOps.scala:105)
      at org.scalatest.Suite$class.runNestedSuites(Suite.scala:1541)
      at org.scalatest.tools.DiscoverySuite.runNestedSuites(DiscoverySuite.scala:29)
      at org.scalatest.Suite$class.run(Suite.scala:1423)
      at org.scalatest.tools.DiscoverySuite.run(DiscoverySuite.scala:29)
      at org.scalatest.tools.SuiteRunner.run(SuiteRunner.scala:55)
      at org.scalatest.tools.Runner$$anonfun$doRunRunRunDaDoRunRun$3.apply(Runner.scala:2180)
      at org.scalatest.tools.Runner$$anonfun$doRunRunRunDaDoRunRun$3.apply(Runner.scala:2174)
      at scala.collection.immutable.List.foreach(List.scala:309)
      at org.scalatest.tools.Runner$.doRunRunRunDaDoRunRun(Runner.scala:2174)
      at org.scalatest.tools.Runner$$anonfun$runOptionallyWithPassFailReporter$2.apply(Runner.scala:850)
      at org.scalatest.tools.Runner$$anonfun$runOptionallyWithPassFailReporter$2.apply(Runner.scala:849)
      at org.scalatest.tools.Runner$.withClassLoaderAndDispatchReporter(Runner.scala:2221)
      at org.scalatest.tools.Runner$.runOptionallyWithPassFailReporter(Runner.scala:848)
      at org.scalatest.tools.Runner$.main(Runner.scala:686)
      at org.scalatest.tools.Runner.main(Runner.scala)
</failure>
</testcase>
  <testcase 
  name="testing stringX" classname="codingbat.ScalaWarmup2Suite" time="0.0">
    <failure 
    message="org.scalatest.exceptions.TestFailedException was thrown." type="class org.scalatest.exceptions.TestFailedException">
      org.scalatest.exceptions.TestFailedException
      at org.scalatest.Assertions$class.newAssertionFailedException(Assertions.scala:391)
      at codingbat.ScalaWarmup2Suite.newAssertionFailedException(ScalaWarmup2Suite.scala:8)
      at org.scalatest.Assertions$class.assert(Assertions.scala:386)
      at codingbat.ScalaWarmup2Suite.assert(ScalaWarmup2Suite.scala:8)
      at codingbat.ScalaWarmup2Suite$$anonfun$13.apply$mcV$sp(ScalaWarmup2Suite.scala:159)
      at codingbat.ScalaWarmup2Suite$$anonfun$13.apply(ScalaWarmup2Suite.scala:158)
      at codingbat.ScalaWarmup2Suite$$anonfun$13.apply(ScalaWarmup2Suite.scala:158)
      at org.scalatest.FunSuite$$anon$1.apply(FunSuite.scala:1465)
      at org.scalatest.Suite$class.withFixture(Suite.scala:1099)
      at codingbat.ScalaWarmup2Suite.withFixture(ScalaWarmup2Suite.scala:8)
      at org.scalatest.FunSuite$class.invokeWithFixture$1(FunSuite.scala:1462)
      at org.scalatest.FunSuite$$anonfun$runTest$1.apply(FunSuite.scala:1474)
      at org.scalatest.FunSuite$$anonfun$runTest$1.apply(FunSuite.scala:1474)
      at org.scalatest.SuperEngine.runTestImpl(Engine.scala:234)
      at org.scalatest.FunSuite$class.runTest(FunSuite.scala:1474)
      at codingbat.ScalaWarmup2Suite.runTest(ScalaWarmup2Suite.scala:8)
      at org.scalatest.FunSuite$$anonfun$runTests$1.apply(FunSuite.scala:1506)
      at org.scalatest.FunSuite$$anonfun$runTests$1.apply(FunSuite.scala:1506)
      at org.scalatest.SuperEngine$$anonfun$traverseSubNodes$1$1.apply(Engine.scala:330)
      at org.scalatest.SuperEngine$$anonfun$traverseSubNodes$1$1.apply(Engine.scala:318)
      at scala.collection.immutable.List.foreach(List.scala:309)
      at org.scalatest.SuperEngine.traverseSubNodes$1(Engine.scala:318)
      at org.scalatest.SuperEngine.org$scalatest$SuperEngine$$runTestsInBranch(Engine.scala:313)
      at org.scalatest.SuperEngine.runTestsImpl(Engine.scala:394)
      at org.scalatest.FunSuite$class.runTests(FunSuite.scala:1506)
      at codingbat.ScalaWarmup2Suite.runTests(ScalaWarmup2Suite.scala:8)
      at org.scalatest.Suite$class.run(Suite.scala:1426)
      at codingbat.ScalaWarmup2Suite.org$scalatest$FunSuite$$super$run(ScalaWarmup2Suite.scala:8)
      at org.scalatest.FunSuite$$anonfun$run$1.apply(FunSuite.scala:1510)
      at org.scalatest.FunSuite$$anonfun$run$1.apply(FunSuite.scala:1510)
      at org.scalatest.SuperEngine.runImpl(Engine.scala:430)
      at org.scalatest.FunSuite$class.run(FunSuite.scala:1510)
      at codingbat.ScalaWarmup2Suite.run(ScalaWarmup2Suite.scala:8)
      at org.scalatest.Suite$class.callExecuteOnSuite$1(Suite.scala:1507)
      at org.scalatest.Suite$$anonfun$runNestedSuites$1.apply(Suite.scala:1543)
      at org.scalatest.Suite$$anonfun$runNestedSuites$1.apply(Suite.scala:1541)
      at scala.collection.IndexedSeqOptimized$class.foreach(IndexedSeqOptimized.scala:33)
      at scala.collection.mutable.ArrayOps$ofRef.foreach(ArrayOps.scala:105)
      at org.scalatest.Suite$class.runNestedSuites(Suite.scala:1541)
      at org.scalatest.tools.DiscoverySuite.runNestedSuites(DiscoverySuite.scala:29)
      at org.scalatest.Suite$class.run(Suite.scala:1423)
      at org.scalatest.tools.DiscoverySuite.run(DiscoverySuite.scala:29)
      at org.scalatest.tools.SuiteRunner.run(SuiteRunner.scala:55)
      at org.scalatest.tools.Runner$$anonfun$doRunRunRunDaDoRunRun$3.apply(Runner.scala:2180)
      at org.scalatest.tools.Runner$$anonfun$doRunRunRunDaDoRunRun$3.apply(Runner.scala:2174)
      at scala.collection.immutable.List.foreach(List.scala:309)
      at org.scalatest.tools.Runner$.doRunRunRunDaDoRunRun(Runner.scala:2174)
      at org.scalatest.tools.Runner$$anonfun$runOptionallyWithPassFailReporter$2.apply(Runner.scala:850)
      at org.scalatest.tools.Runner$$anonfun$runOptionallyWithPassFailReporter$2.apply(Runner.scala:849)
      at org.scalatest.tools.Runner$.withClassLoaderAndDispatchReporter(Runner.scala:2221)
      at org.scalatest.tools.Runner$.runOptionallyWithPassFailReporter(Runner.scala:848)
      at org.scalatest.tools.Runner$.main(Runner.scala:686)
      at org.scalatest.tools.Runner.main(Runner.scala)
</failure>
</testcase>
  <testcase 
  name="testing altPairs" classname="codingbat.ScalaWarmup2Suite" time="0.003">
</testcase>
  <testcase 
  name="test stringYak" classname="codingbat.ScalaWarmup2Suite" time="0.003">
</testcase>
  <testcase 
  name="testing array667" classname="codingbat.ScalaWarmup2Suite" time="0.001">
    <failure 
    message="org.scalatest.exceptions.TestFailedException was thrown." type="class org.scalatest.exceptions.TestFailedException">
      org.scalatest.exceptions.TestFailedException
      at org.scalatest.Assertions$class.newAssertionFailedException(Assertions.scala:391)
      at codingbat.ScalaWarmup2Suite.newAssertionFailedException(ScalaWarmup2Suite.scala:8)
      at org.scalatest.Assertions$class.assert(Assertions.scala:386)
      at codingbat.ScalaWarmup2Suite.assert(ScalaWarmup2Suite.scala:8)
      at codingbat.ScalaWarmup2Suite$$anonfun$16.apply$mcV$sp(ScalaWarmup2Suite.scala:199)
      at codingbat.ScalaWarmup2Suite$$anonfun$16.apply(ScalaWarmup2Suite.scala:197)
      at codingbat.ScalaWarmup2Suite$$anonfun$16.apply(ScalaWarmup2Suite.scala:197)
      at org.scalatest.FunSuite$$anon$1.apply(FunSuite.scala:1465)
      at org.scalatest.Suite$class.withFixture(Suite.scala:1099)
      at codingbat.ScalaWarmup2Suite.withFixture(ScalaWarmup2Suite.scala:8)
      at org.scalatest.FunSuite$class.invokeWithFixture$1(FunSuite.scala:1462)
      at org.scalatest.FunSuite$$anonfun$runTest$1.apply(FunSuite.scala:1474)
      at org.scalatest.FunSuite$$anonfun$runTest$1.apply(FunSuite.scala:1474)
      at org.scalatest.SuperEngine.runTestImpl(Engine.scala:234)
      at org.scalatest.FunSuite$class.runTest(FunSuite.scala:1474)
      at codingbat.ScalaWarmup2Suite.runTest(ScalaWarmup2Suite.scala:8)
      at org.scalatest.FunSuite$$anonfun$runTests$1.apply(FunSuite.scala:1506)
      at org.scalatest.FunSuite$$anonfun$runTests$1.apply(FunSuite.scala:1506)
      at org.scalatest.SuperEngine$$anonfun$traverseSubNodes$1$1.apply(Engine.scala:330)
      at org.scalatest.SuperEngine$$anonfun$traverseSubNodes$1$1.apply(Engine.scala:318)
      at scala.collection.immutable.List.foreach(List.scala:309)
      at org.scalatest.SuperEngine.traverseSubNodes$1(Engine.scala:318)
      at org.scalatest.SuperEngine.org$scalatest$SuperEngine$$runTestsInBranch(Engine.scala:313)
      at org.scalatest.SuperEngine.runTestsImpl(Engine.scala:394)
      at org.scalatest.FunSuite$class.runTests(FunSuite.scala:1506)
      at codingbat.ScalaWarmup2Suite.runTests(ScalaWarmup2Suite.scala:8)
      at org.scalatest.Suite$class.run(Suite.scala:1426)
      at codingbat.ScalaWarmup2Suite.org$scalatest$FunSuite$$super$run(ScalaWarmup2Suite.scala:8)
      at org.scalatest.FunSuite$$anonfun$run$1.apply(FunSuite.scala:1510)
      at org.scalatest.FunSuite$$anonfun$run$1.apply(FunSuite.scala:1510)
      at org.scalatest.SuperEngine.runImpl(Engine.scala:430)
      at org.scalatest.FunSuite$class.run(FunSuite.scala:1510)
      at codingbat.ScalaWarmup2Suite.run(ScalaWarmup2Suite.scala:8)
      at org.scalatest.Suite$class.callExecuteOnSuite$1(Suite.scala:1507)
      at org.scalatest.Suite$$anonfun$runNestedSuites$1.apply(Suite.scala:1543)
      at org.scalatest.Suite$$anonfun$runNestedSuites$1.apply(Suite.scala:1541)
      at scala.collection.IndexedSeqOptimized$class.foreach(IndexedSeqOptimized.scala:33)
      at scala.collection.mutable.ArrayOps$ofRef.foreach(ArrayOps.scala:105)
      at org.scalatest.Suite$class.runNestedSuites(Suite.scala:1541)
      at org.scalatest.tools.DiscoverySuite.runNestedSuites(DiscoverySuite.scala:29)
      at org.scalatest.Suite$class.run(Suite.scala:1423)
      at org.scalatest.tools.DiscoverySuite.run(DiscoverySuite.scala:29)
      at org.scalatest.tools.SuiteRunner.run(SuiteRunner.scala:55)
      at org.scalatest.tools.Runner$$anonfun$doRunRunRunDaDoRunRun$3.apply(Runner.scala:2180)
      at org.scalatest.tools.Runner$$anonfun$doRunRunRunDaDoRunRun$3.apply(Runner.scala:2174)
      at scala.collection.immutable.List.foreach(List.scala:309)
      at org.scalatest.tools.Runner$.doRunRunRunDaDoRunRun(Runner.scala:2174)
      at org.scalatest.tools.Runner$$anonfun$runOptionallyWithPassFailReporter$2.apply(Runner.scala:850)
      at org.scalatest.tools.Runner$$anonfun$runOptionallyWithPassFailReporter$2.apply(Runner.scala:849)
      at org.scalatest.tools.Runner$.withClassLoaderAndDispatchReporter(Runner.scala:2221)
      at org.scalatest.tools.Runner$.runOptionallyWithPassFailReporter(Runner.scala:848)
      at org.scalatest.tools.Runner$.main(Runner.scala:686)
      at org.scalatest.tools.Runner.main(Runner.scala)
</failure>
</testcase>
  <testcase 
  name="testing noTriples" classname="codingbat.ScalaWarmup2Suite" time="0.001">
    <failure 
    message="org.scalatest.exceptions.TestFailedException was thrown." type="class org.scalatest.exceptions.TestFailedException">
      org.scalatest.exceptions.TestFailedException
      at org.scalatest.Assertions$class.newAssertionFailedException(Assertions.scala:391)
      at codingbat.ScalaWarmup2Suite.newAssertionFailedException(ScalaWarmup2Suite.scala:8)
      at org.scalatest.Assertions$class.assert(Assertions.scala:386)
      at codingbat.ScalaWarmup2Suite.assert(ScalaWarmup2Suite.scala:8)
      at codingbat.ScalaWarmup2Suite$$anonfun$17.apply$mcV$sp(ScalaWarmup2Suite.scala:211)
      at codingbat.ScalaWarmup2Suite$$anonfun$17.apply(ScalaWarmup2Suite.scala:210)
      at codingbat.ScalaWarmup2Suite$$anonfun$17.apply(ScalaWarmup2Suite.scala:210)
      at org.scalatest.FunSuite$$anon$1.apply(FunSuite.scala:1465)
      at org.scalatest.Suite$class.withFixture(Suite.scala:1099)
      at codingbat.ScalaWarmup2Suite.withFixture(ScalaWarmup2Suite.scala:8)
      at org.scalatest.FunSuite$class.invokeWithFixture$1(FunSuite.scala:1462)
      at org.scalatest.FunSuite$$anonfun$runTest$1.apply(FunSuite.scala:1474)
      at org.scalatest.FunSuite$$anonfun$runTest$1.apply(FunSuite.scala:1474)
      at org.scalatest.SuperEngine.runTestImpl(Engine.scala:234)
      at org.scalatest.FunSuite$class.runTest(FunSuite.scala:1474)
      at codingbat.ScalaWarmup2Suite.runTest(ScalaWarmup2Suite.scala:8)
      at org.scalatest.FunSuite$$anonfun$runTests$1.apply(FunSuite.scala:1506)
      at org.scalatest.FunSuite$$anonfun$runTests$1.apply(FunSuite.scala:1506)
      at org.scalatest.SuperEngine$$anonfun$traverseSubNodes$1$1.apply(Engine.scala:330)
      at org.scalatest.SuperEngine$$anonfun$traverseSubNodes$1$1.apply(Engine.scala:318)
      at scala.collection.immutable.List.foreach(List.scala:309)
      at org.scalatest.SuperEngine.traverseSubNodes$1(Engine.scala:318)
      at org.scalatest.SuperEngine.org$scalatest$SuperEngine$$runTestsInBranch(Engine.scala:313)
      at org.scalatest.SuperEngine.runTestsImpl(Engine.scala:394)
      at org.scalatest.FunSuite$class.runTests(FunSuite.scala:1506)
      at codingbat.ScalaWarmup2Suite.runTests(ScalaWarmup2Suite.scala:8)
      at org.scalatest.Suite$class.run(Suite.scala:1426)
      at codingbat.ScalaWarmup2Suite.org$scalatest$FunSuite$$super$run(ScalaWarmup2Suite.scala:8)
      at org.scalatest.FunSuite$$anonfun$run$1.apply(FunSuite.scala:1510)
      at org.scalatest.FunSuite$$anonfun$run$1.apply(FunSuite.scala:1510)
      at org.scalatest.SuperEngine.runImpl(Engine.scala:430)
      at org.scalatest.FunSuite$class.run(FunSuite.scala:1510)
      at codingbat.ScalaWarmup2Suite.run(ScalaWarmup2Suite.scala:8)
      at org.scalatest.Suite$class.callExecuteOnSuite$1(Suite.scala:1507)
      at org.scalatest.Suite$$anonfun$runNestedSuites$1.apply(Suite.scala:1543)
      at org.scalatest.Suite$$anonfun$runNestedSuites$1.apply(Suite.scala:1541)
      at scala.collection.IndexedSeqOptimized$class.foreach(IndexedSeqOptimized.scala:33)
      at scala.collection.mutable.ArrayOps$ofRef.foreach(ArrayOps.scala:105)
      at org.scalatest.Suite$class.runNestedSuites(Suite.scala:1541)
      at org.scalatest.tools.DiscoverySuite.runNestedSuites(DiscoverySuite.scala:29)
      at org.scalatest.Suite$class.run(Suite.scala:1423)
      at org.scalatest.tools.DiscoverySuite.run(DiscoverySuite.scala:29)
      at org.scalatest.tools.SuiteRunner.run(SuiteRunner.scala:55)
      at org.scalatest.tools.Runner$$anonfun$doRunRunRunDaDoRunRun$3.apply(Runner.scala:2180)
      at org.scalatest.tools.Runner$$anonfun$doRunRunRunDaDoRunRun$3.apply(Runner.scala:2174)
      at scala.collection.immutable.List.foreach(List.scala:309)
      at org.scalatest.tools.Runner$.doRunRunRunDaDoRunRun(Runner.scala:2174)
      at org.scalatest.tools.Runner$$anonfun$runOptionallyWithPassFailReporter$2.apply(Runner.scala:850)
      at org.scalatest.tools.Runner$$anonfun$runOptionallyWithPassFailReporter$2.apply(Runner.scala:849)
      at org.scalatest.tools.Runner$.withClassLoaderAndDispatchReporter(Runner.scala:2221)
      at org.scalatest.tools.Runner$.runOptionallyWithPassFailReporter(Runner.scala:848)
      at org.scalatest.tools.Runner$.main(Runner.scala:686)
      at org.scalatest.tools.Runner.main(Runner.scala)
</failure>
</testcase>
  <testcase 
  name="testing has271" classname="codingbat.ScalaWarmup2Suite" time="0.001">
</testcase>
  <testcase 
  name="testing partialSum" classname="codingbat.ScalaWarmup2Suite" time="0.001">
    <failure 
    message="org.scalatest.exceptions.TestFailedException was thrown." type="class org.scalatest.exceptions.TestFailedException">
      org.scalatest.exceptions.TestFailedException
      at org.scalatest.Assertions$class.newAssertionFailedException(Assertions.scala:391)
      at codingbat.ScalaWarmup2Suite.newAssertionFailedException(ScalaWarmup2Suite.scala:8)
      at org.scalatest.Assertions$class.assert(Assertions.scala:386)
      at codingbat.ScalaWarmup2Suite.assert(ScalaWarmup2Suite.scala:8)
      at codingbat.ScalaWarmup2Suite$$anonfun$19.apply$mcV$sp(ScalaWarmup2Suite.scala:244)
      at codingbat.ScalaWarmup2Suite$$anonfun$19.apply(ScalaWarmup2Suite.scala:244)
      at codingbat.ScalaWarmup2Suite$$anonfun$19.apply(ScalaWarmup2Suite.scala:244)
      at org.scalatest.FunSuite$$anon$1.apply(FunSuite.scala:1465)
      at org.scalatest.Suite$class.withFixture(Suite.scala:1099)
      at codingbat.ScalaWarmup2Suite.withFixture(ScalaWarmup2Suite.scala:8)
      at org.scalatest.FunSuite$class.invokeWithFixture$1(FunSuite.scala:1462)
      at org.scalatest.FunSuite$$anonfun$runTest$1.apply(FunSuite.scala:1474)
      at org.scalatest.FunSuite$$anonfun$runTest$1.apply(FunSuite.scala:1474)
      at org.scalatest.SuperEngine.runTestImpl(Engine.scala:234)
      at org.scalatest.FunSuite$class.runTest(FunSuite.scala:1474)
      at codingbat.ScalaWarmup2Suite.runTest(ScalaWarmup2Suite.scala:8)
      at org.scalatest.FunSuite$$anonfun$runTests$1.apply(FunSuite.scala:1506)
      at org.scalatest.FunSuite$$anonfun$runTests$1.apply(FunSuite.scala:1506)
      at org.scalatest.SuperEngine$$anonfun$traverseSubNodes$1$1.apply(Engine.scala:330)
      at org.scalatest.SuperEngine$$anonfun$traverseSubNodes$1$1.apply(Engine.scala:318)
      at scala.collection.immutable.List.foreach(List.scala:309)
      at org.scalatest.SuperEngine.traverseSubNodes$1(Engine.scala:318)
      at org.scalatest.SuperEngine.org$scalatest$SuperEngine$$runTestsInBranch(Engine.scala:313)
      at org.scalatest.SuperEngine.runTestsImpl(Engine.scala:394)
      at org.scalatest.FunSuite$class.runTests(FunSuite.scala:1506)
      at codingbat.ScalaWarmup2Suite.runTests(ScalaWarmup2Suite.scala:8)
      at org.scalatest.Suite$class.run(Suite.scala:1426)
      at codingbat.ScalaWarmup2Suite.org$scalatest$FunSuite$$super$run(ScalaWarmup2Suite.scala:8)
      at org.scalatest.FunSuite$$anonfun$run$1.apply(FunSuite.scala:1510)
      at org.scalatest.FunSuite$$anonfun$run$1.apply(FunSuite.scala:1510)
      at org.scalatest.SuperEngine.runImpl(Engine.scala:430)
      at org.scalatest.FunSuite$class.run(FunSuite.scala:1510)
      at codingbat.ScalaWarmup2Suite.run(ScalaWarmup2Suite.scala:8)
      at org.scalatest.Suite$class.callExecuteOnSuite$1(Suite.scala:1507)
      at org.scalatest.Suite$$anonfun$runNestedSuites$1.apply(Suite.scala:1543)
      at org.scalatest.Suite$$anonfun$runNestedSuites$1.apply(Suite.scala:1541)
      at scala.collection.IndexedSeqOptimized$class.foreach(IndexedSeqOptimized.scala:33)
      at scala.collection.mutable.ArrayOps$ofRef.foreach(ArrayOps.scala:105)
      at org.scalatest.Suite$class.runNestedSuites(Suite.scala:1541)
      at org.scalatest.tools.DiscoverySuite.runNestedSuites(DiscoverySuite.scala:29)
      at org.scalatest.Suite$class.run(Suite.scala:1423)
      at org.scalatest.tools.DiscoverySuite.run(DiscoverySuite.scala:29)
      at org.scalatest.tools.SuiteRunner.run(SuiteRunner.scala:55)
      at org.scalatest.tools.Runner$$anonfun$doRunRunRunDaDoRunRun$3.apply(Runner.scala:2180)
      at org.scalatest.tools.Runner$$anonfun$doRunRunRunDaDoRunRun$3.apply(Runner.scala:2174)
      at scala.collection.immutable.List.foreach(List.scala:309)
      at org.scalatest.tools.Runner$.doRunRunRunDaDoRunRun(Runner.scala:2174)
      at org.scalatest.tools.Runner$$anonfun$runOptionallyWithPassFailReporter$2.apply(Runner.scala:850)
      at org.scalatest.tools.Runner$$anonfun$runOptionallyWithPassFailReporter$2.apply(Runner.scala:849)
      at org.scalatest.tools.Runner$.withClassLoaderAndDispatchReporter(Runner.scala:2221)
      at org.scalatest.tools.Runner$.runOptionallyWithPassFailReporter(Runner.scala:848)
      at org.scalatest.tools.Runner$.main(Runner.scala:686)
      at org.scalatest.tools.Runner.main(Runner.scala)
</failure>
</testcase>
  <system-out><![CDATA[]]></system-out>
  <system-err><![CDATA[]]></system-err>
</testsuite>
